<?xml version="1.0" encoding="UTF-8"?>
<!-- Generated by org.testng.reporters.JUnitXMLReporter -->
<testsuite ignored="0" hostname="HK" failures="0" tests="2" name="edgeTest" time="10.56" errors="0" timestamp="2025-02-18T18:05:15 EST">
  <testcase classname="testCases.TC_03_AddToCart" name="testAddToCart" time="0.015">
    <skipped/>
  </testcase> <!-- testAddToCart -->
  <testcase classname="testCases.TC_03_AddToCart" name="testAddToCart" time="0.002">
    <skipped/>
  </testcase> <!-- testAddToCart -->
</testsuite> <!-- edgeTest -->
